2014/01/19 00:33:47 [error] [exception.CHttpException.404] exception 'CHttpException' with message 'The system is unable to find the requested action "logout".' in /var/www/www.yii-test.local/framework/web/CController.php:483
Stack trace:
#0 /var/www/www.yii-test.local/framework/web/CController.php(270): CController->missingAction('logout')
#1 /var/www/www.yii-test.local/framework/web/CWebApplication.php(282): CController->run('logout')
#2 /var/www/www.yii-test.local/framework/web/CWebApplication.php(141): CWebApplication->runController('auth/logout')
#3 /var/www/www.yii-test.local/framework/base/CApplication.php(180): CWebApplication->processRequest()
#4 /var/www/www.yii-test.local/messages/index.php(13): CApplication->run()
#5 {main}
REQUEST_URI=/messages/index.php?r=auth/logout
HTTP_REFERER=http://www.yii-test.local/messages/index.php?r=user/profile
---
2014/01/19 00:35:30 [error] [php] Undefined index: name (/var/www/www.yii-test.local/messages/protected/controllers/AuthController.php:23)
Stack trace:
#0 /var/www/www.yii-test.local/framework/web/CController.php(286): AuthController->runAction()
#1 /var/www/www.yii-test.local/framework/web/CController.php(265): AuthController->runActionWithFilters()
#2 /var/www/www.yii-test.local/framework/web/CWebApplication.php(282): AuthController->run()
#3 /var/www/www.yii-test.local/framework/web/CWebApplication.php(141): CWebApplication->runController()
#4 /var/www/www.yii-test.local/framework/base/CApplication.php(180): CWebApplication->processRequest()
#5 /var/www/www.yii-test.local/messages/index.php(13): CWebApplication->run()
REQUEST_URI=/messages/index.php?r=auth/logout
in /var/www/www.yii-test.local/messages/protected/controllers/AuthController.php (23)
in /var/www/www.yii-test.local/messages/index.php (13)
2014/01/19 19:30:53 [error] [exception.CHttpException.404] exception 'CHttpException' with message 'Unable to resolve the request "yii".' in /var/www/www.yii-test.local/framework/web/CWebApplication.php:286
Stack trace:
#0 /var/www/www.yii-test.local/framework/web/CWebApplication.php(141): CWebApplication->runController('yii')
#1 /var/www/www.yii-test.local/framework/base/CApplication.php(180): CWebApplication->processRequest()
#2 /var/www/www.yii-test.local/messages/index.php(13): CApplication->run()
#3 {main}
REQUEST_URI=/messages/index.php?r=yii
---
2014/01/19 19:49:14 [error] [exception.CHttpException.403] exception 'CHttpException' with message 'You are not authorized to perform this action.' in /var/www/www.yii-test.local/framework/web/auth/CAccessControlFilter.php:182
Stack trace:
#0 /var/www/www.yii-test.local/framework/web/auth/CAccessControlFilter.php(145): CAccessControlFilter->accessDenied(Object(CWebUser), 'You are not aut...')
#1 /var/www/www.yii-test.local/framework/web/filters/CFilter.php(38): CAccessControlFilter->preFilter(Object(CFilterChain))
#2 /var/www/www.yii-test.local/framework/web/CController.php(1145): CFilter->filter(Object(CFilterChain))
#3 /var/www/www.yii-test.local/framework/web/filters/CInlineFilter.php(58): CController->filterAccessControl(Object(CFilterChain))
#4 /var/www/www.yii-test.local/framework/web/filters/CFilterChain.php(130): CInlineFilter->filter(Object(CFilterChain))
#5 /var/www/www.yii-test.local/framework/web/CController.php(291): CFilterChain->run()
#6 /var/www/www.yii-test.local/framework/web/CController.php(265): CController->runActionWithFilters(Object(CInlineAction), Array)
#7 /var/www/www.yii-test.local/framework/web/CWebApplication.php(282): CController->run('admin')
#8 /var/www/www.yii-test.local/framework/web/CWebApplication.php(141): CWebApplication->runController('admin/users/adm...')
#9 /var/www/www.yii-test.local/framework/base/CApplication.php(180): CWebApplication->processRequest()
#10 /var/www/www.yii-test.local/messages/index.php(13): CApplication->run()
#11 {main}
REQUEST_URI=/messages/index.php?r=admin/users/admin
HTTP_REFERER=http://www.yii-test.local/messages/index.php?r=admin/users/index
---
2014/01/20 09:20:37 [error] [php] include(CAuth.php): failed to open stream: No such file or directory (/var/www/www.yii-test.local/framework/YiiBase.php:427)
Stack trace:
#0 /var/www/www.yii-test.local/messages/protected/controllers/UserController.php(14): spl_autoload_call()
#1 /var/www/www.yii-test.local/framework/web/actions/CInlineAction.php(49): UserController->actionProfile()
#2 /var/www/www.yii-test.local/framework/web/CController.php(308): CInlineAction->runWithParams()
#3 /var/www/www.yii-test.local/framework/web/CController.php(286): UserController->runAction()
#4 /var/www/www.yii-test.local/framework/web/CController.php(265): UserController->runActionWithFilters()
#5 /var/www/www.yii-test.local/framework/web/CWebApplication.php(282): UserController->run()
#6 /var/www/www.yii-test.local/framework/web/CWebApplication.php(141): CWebApplication->runController()
#7 /var/www/www.yii-test.local/framework/base/CApplication.php(180): CWebApplication->processRequest()
#8 /var/www/www.yii-test.local/messages/index.php(13): CWebApplication->run()
REQUEST_URI=/messages/index.php?r=/user/profile
in /var/www/www.yii-test.local/messages/protected/controllers/UserController.php (14)
in /var/www/www.yii-test.local/messages/index.php (13)
2014/01/20 09:27:04 [error] [php] Undefined variable: model (/var/www/www.yii-test.local/messages/protected/views/user/profile.php:10)
Stack trace:
#0 /var/www/www.yii-test.local/framework/web/CController.php(869): UserController->renderFile()
#1 /var/www/www.yii-test.local/framework/web/CController.php(782): UserController->renderPartial()
#2 /var/www/www.yii-test.local/messages/protected/controllers/UserController.php(15): UserController->render()
#3 /var/www/www.yii-test.local/framework/web/actions/CInlineAction.php(49): UserController->actionProfile()
#4 /var/www/www.yii-test.local/framework/web/CController.php(308): CInlineAction->runWithParams()
#5 /var/www/www.yii-test.local/framework/web/CController.php(286): UserController->runAction()
#6 /var/www/www.yii-test.local/framework/web/CController.php(265): UserController->runActionWithFilters()
#7 /var/www/www.yii-test.local/framework/web/CWebApplication.php(282): UserController->run()
#8 /var/www/www.yii-test.local/framework/web/CWebApplication.php(141): CWebApplication->runController()
#9 /var/www/www.yii-test.local/framework/base/CApplication.php(180): CWebApplication->processRequest()
#10 /var/www/www.yii-test.local/messages/index.php(13): CWebApplication->run()
REQUEST_URI=/messages/index.php?r=/user/profile
in /var/www/www.yii-test.local/messages/protected/views/user/profile.php (10)
in /var/www/www.yii-test.local/messages/protected/controllers/UserController.php (15)
in /var/www/www.yii-test.local/messages/index.php (13)
2014/01/20 09:30:59 [error] [php] Undefined variable: is_visible (/var/www/www.yii-test.local/messages/protected/views/user/profile.php:9)
Stack trace:
#0 /var/www/www.yii-test.local/framework/web/CController.php(869): UserController->renderFile()
#1 /var/www/www.yii-test.local/framework/web/CController.php(782): UserController->renderPartial()
#2 /var/www/www.yii-test.local/messages/protected/controllers/UserController.php(20): UserController->render()
#3 /var/www/www.yii-test.local/framework/web/actions/CInlineAction.php(49): UserController->actionProfile()
#4 /var/www/www.yii-test.local/framework/web/CController.php(308): CInlineAction->runWithParams()
#5 /var/www/www.yii-test.local/framework/web/CController.php(286): UserController->runAction()
#6 /var/www/www.yii-test.local/framework/web/CController.php(265): UserController->runActionWithFilters()
#7 /var/www/www.yii-test.local/framework/web/CWebApplication.php(282): UserController->run()
#8 /var/www/www.yii-test.local/framework/web/CWebApplication.php(141): CWebApplication->runController()
#9 /var/www/www.yii-test.local/framework/base/CApplication.php(180): CWebApplication->processRequest()
#10 /var/www/www.yii-test.local/messages/index.php(13): CWebApplication->run()
REQUEST_URI=/messages/index.php?r=/user/profile
in /var/www/www.yii-test.local/messages/protected/views/user/profile.php (9)
in /var/www/www.yii-test.local/messages/protected/controllers/UserController.php (20)
in /var/www/www.yii-test.local/messages/index.php (13)
2014/01/20 09:40:27 [error] [php] Undefined variable: is_visible (/var/www/www.yii-test.local/messages/protected/views/user/profile.php:9)
Stack trace:
#0 /var/www/www.yii-test.local/framework/web/CController.php(869): UserController->renderFile()
#1 /var/www/www.yii-test.local/framework/web/CController.php(782): UserController->renderPartial()
#2 /var/www/www.yii-test.local/messages/protected/controllers/UserController.php(20): UserController->render()
#3 /var/www/www.yii-test.local/framework/web/actions/CInlineAction.php(49): UserController->actionProfile()
#4 /var/www/www.yii-test.local/framework/web/CController.php(308): CInlineAction->runWithParams()
#5 /var/www/www.yii-test.local/framework/web/CController.php(286): UserController->runAction()
#6 /var/www/www.yii-test.local/framework/web/CController.php(265): UserController->runActionWithFilters()
#7 /var/www/www.yii-test.local/framework/web/CWebApplication.php(282): UserController->run()
#8 /var/www/www.yii-test.local/framework/web/CWebApplication.php(141): CWebApplication->runController()
#9 /var/www/www.yii-test.local/framework/base/CApplication.php(180): CWebApplication->processRequest()
#10 /var/www/www.yii-test.local/messages/index.php(13): CWebApplication->run()
REQUEST_URI=/messages/index.php?r=/user/profile
in /var/www/www.yii-test.local/messages/protected/views/user/profile.php (9)
in /var/www/www.yii-test.local/messages/protected/controllers/UserController.php (20)
in /var/www/www.yii-test.local/messages/index.php (13)
2014/01/20 09:41:07 [error] [php] Undefined variable: isUserAuthorized (/var/www/www.yii-test.local/messages/protected/views/user/profile.php:9)
Stack trace:
#0 /var/www/www.yii-test.local/framework/web/CController.php(869): UserController->renderFile()
#1 /var/www/www.yii-test.local/framework/web/CController.php(782): UserController->renderPartial()
#2 /var/www/www.yii-test.local/messages/protected/controllers/UserController.php(20): UserController->render()
#3 /var/www/www.yii-test.local/framework/web/actions/CInlineAction.php(49): UserController->actionProfile()
#4 /var/www/www.yii-test.local/framework/web/CController.php(308): CInlineAction->runWithParams()
#5 /var/www/www.yii-test.local/framework/web/CController.php(286): UserController->runAction()
#6 /var/www/www.yii-test.local/framework/web/CController.php(265): UserController->runActionWithFilters()
#7 /var/www/www.yii-test.local/framework/web/CWebApplication.php(282): UserController->run()
#8 /var/www/www.yii-test.local/framework/web/CWebApplication.php(141): CWebApplication->runController()
#9 /var/www/www.yii-test.local/framework/base/CApplication.php(180): CWebApplication->processRequest()
#10 /var/www/www.yii-test.local/messages/index.php(13): CWebApplication->run()
REQUEST_URI=/messages/index.php?r=/user/profile
in /var/www/www.yii-test.local/messages/protected/views/user/profile.php (9)
in /var/www/www.yii-test.local/messages/protected/controllers/UserController.php (20)
in /var/www/www.yii-test.local/messages/index.php (13)
2014/01/20 10:01:29 [error] [exception.CHttpException.400] exception 'CHttpException' with message 'Your request is invalid.' in /var/www/www.yii-test.local/framework/web/CController.php:336
Stack trace:
#0 /var/www/www.yii-test.local/framework/web/CController.php(309): CController->invalidActionParams(Object(CInlineAction))
#1 /var/www/www.yii-test.local/framework/web/CController.php(286): CController->runAction(Object(CInlineAction))
#2 /var/www/www.yii-test.local/framework/web/CController.php(265): CController->runActionWithFilters(Object(CInlineAction), Array)
#3 /var/www/www.yii-test.local/framework/web/CWebApplication.php(282): CController->run('update')
#4 /var/www/www.yii-test.local/framework/web/CWebApplication.php(141): CWebApplication->runController('user/update')
#5 /var/www/www.yii-test.local/framework/base/CApplication.php(180): CWebApplication->processRequest()
#6 /var/www/www.yii-test.local/messages/index.php(13): CApplication->run()
#7 {main}
REQUEST_URI=/messages/index.php?r=user/update
HTTP_REFERER=http://www.yii-test.local/messages/index.php?r=user/profile
---
2014/01/20 10:02:46 [error] [exception.CHttpException.400] exception 'CHttpException' with message 'Your request is invalid.' in /var/www/www.yii-test.local/framework/web/CController.php:336
Stack trace:
#0 /var/www/www.yii-test.local/framework/web/CController.php(309): CController->invalidActionParams(Object(CInlineAction))
#1 /var/www/www.yii-test.local/framework/web/CController.php(286): CController->runAction(Object(CInlineAction))
#2 /var/www/www.yii-test.local/framework/web/CController.php(265): CController->runActionWithFilters(Object(CInlineAction), Array)
#3 /var/www/www.yii-test.local/framework/web/CWebApplication.php(282): CController->run('update')
#4 /var/www/www.yii-test.local/framework/web/CWebApplication.php(141): CWebApplication->runController('user/update')
#5 /var/www/www.yii-test.local/framework/base/CApplication.php(180): CWebApplication->processRequest()
#6 /var/www/www.yii-test.local/messages/index.php(13): CApplication->run()
#7 {main}
REQUEST_URI=/messages/index.php?r=user/update
HTTP_REFERER=http://www.yii-test.local/messages/index.php?r=user/profile
---
2014/01/20 10:03:16 [error] [exception.CHttpException.400] exception 'CHttpException' with message 'Your request is invalid.' in /var/www/www.yii-test.local/framework/web/CController.php:336
Stack trace:
#0 /var/www/www.yii-test.local/framework/web/CController.php(309): CController->invalidActionParams(Object(CInlineAction))
#1 /var/www/www.yii-test.local/framework/web/CController.php(286): CController->runAction(Object(CInlineAction))
#2 /var/www/www.yii-test.local/framework/web/CController.php(265): CController->runActionWithFilters(Object(CInlineAction), Array)
#3 /var/www/www.yii-test.local/framework/web/CWebApplication.php(282): CController->run('update')
#4 /var/www/www.yii-test.local/framework/web/CWebApplication.php(141): CWebApplication->runController('user/update')
#5 /var/www/www.yii-test.local/framework/base/CApplication.php(180): CWebApplication->processRequest()
#6 /var/www/www.yii-test.local/messages/index.php(13): CApplication->run()
#7 {main}
REQUEST_URI=/messages/index.php?r=user/update
HTTP_REFERER=http://www.yii-test.local/messages/index.php?r=user/profile
---
2014/01/20 10:04:16 [error] [exception.CHttpException.400] exception 'CHttpException' with message 'Your request is invalid.' in /var/www/www.yii-test.local/framework/web/CController.php:336
Stack trace:
#0 /var/www/www.yii-test.local/framework/web/CController.php(309): CController->invalidActionParams(Object(CInlineAction))
#1 /var/www/www.yii-test.local/framework/web/CController.php(286): CController->runAction(Object(CInlineAction))
#2 /var/www/www.yii-test.local/framework/web/CController.php(265): CController->runActionWithFilters(Object(CInlineAction), Array)
#3 /var/www/www.yii-test.local/framework/web/CWebApplication.php(282): CController->run('update')
#4 /var/www/www.yii-test.local/framework/web/CWebApplication.php(141): CWebApplication->runController('user/update')
#5 /var/www/www.yii-test.local/framework/base/CApplication.php(180): CWebApplication->processRequest()
#6 /var/www/www.yii-test.local/messages/index.php(13): CApplication->run()
#7 {main}
REQUEST_URI=/messages/index.php?r=user/update
HTTP_REFERER=http://www.yii-test.local/messages/index.php?r=user/profile
---
2014/01/20 10:04:56 [error] [exception.CHttpException.400] exception 'CHttpException' with message 'Your request is invalid.' in /var/www/www.yii-test.local/framework/web/CController.php:336
Stack trace:
#0 /var/www/www.yii-test.local/framework/web/CController.php(309): CController->invalidActionParams(Object(CInlineAction))
#1 /var/www/www.yii-test.local/framework/web/CController.php(286): CController->runAction(Object(CInlineAction))
#2 /var/www/www.yii-test.local/framework/web/CController.php(265): CController->runActionWithFilters(Object(CInlineAction), Array)
#3 /var/www/www.yii-test.local/framework/web/CWebApplication.php(282): CController->run('update')
#4 /var/www/www.yii-test.local/framework/web/CWebApplication.php(141): CWebApplication->runController('user/update')
#5 /var/www/www.yii-test.local/framework/base/CApplication.php(180): CWebApplication->processRequest()
#6 /var/www/www.yii-test.local/messages/index.php(13): CApplication->run()
#7 {main}
REQUEST_URI=/messages/index.php?r=user/update
HTTP_REFERER=http://www.yii-test.local/messages/index.php?r=user/profile
---
2014/01/20 10:06:18 [error] [exception.CHttpException.400] exception 'CHttpException' with message 'Your request is invalid.' in /var/www/www.yii-test.local/framework/web/CController.php:336
Stack trace:
#0 /var/www/www.yii-test.local/framework/web/CController.php(309): CController->invalidActionParams(Object(CInlineAction))
#1 /var/www/www.yii-test.local/framework/web/CController.php(286): CController->runAction(Object(CInlineAction))
#2 /var/www/www.yii-test.local/framework/web/CController.php(265): CController->runActionWithFilters(Object(CInlineAction), Array)
#3 /var/www/www.yii-test.local/framework/web/CWebApplication.php(282): CController->run('update')
#4 /var/www/www.yii-test.local/framework/web/CWebApplication.php(141): CWebApplication->runController('user/update')
#5 /var/www/www.yii-test.local/framework/base/CApplication.php(180): CWebApplication->processRequest()
#6 /var/www/www.yii-test.local/messages/index.php(13): CApplication->run()
#7 {main}
REQUEST_URI=/messages/index.php?r=user/update
HTTP_REFERER=http://www.yii-test.local/messages/index.php?r=user/profile
---
2014/01/20 10:06:32 [error] [exception.CHttpException.400] exception 'CHttpException' with message 'Your request is invalid.' in /var/www/www.yii-test.local/framework/web/CController.php:336
Stack trace:
#0 /var/www/www.yii-test.local/framework/web/CController.php(309): CController->invalidActionParams(Object(CInlineAction))
#1 /var/www/www.yii-test.local/framework/web/CController.php(286): CController->runAction(Object(CInlineAction))
#2 /var/www/www.yii-test.local/framework/web/CController.php(265): CController->runActionWithFilters(Object(CInlineAction), Array)
#3 /var/www/www.yii-test.local/framework/web/CWebApplication.php(282): CController->run('update')
#4 /var/www/www.yii-test.local/framework/web/CWebApplication.php(141): CWebApplication->runController('user/update')
#5 /var/www/www.yii-test.local/framework/base/CApplication.php(180): CWebApplication->processRequest()
#6 /var/www/www.yii-test.local/messages/index.php(13): CApplication->run()
#7 {main}
REQUEST_URI=/messages/index.php?r=user/update
---
2014/01/20 10:06:37 [error] [exception.CHttpException.404] exception 'CHttpException' with message 'The system is unable to find the requested action "update1".' in /var/www/www.yii-test.local/framework/web/CController.php:483
Stack trace:
#0 /var/www/www.yii-test.local/framework/web/CController.php(270): CController->missingAction('update1')
#1 /var/www/www.yii-test.local/framework/web/CWebApplication.php(282): CController->run('update1')
#2 /var/www/www.yii-test.local/framework/web/CWebApplication.php(141): CWebApplication->runController('user/update1')
#3 /var/www/www.yii-test.local/framework/base/CApplication.php(180): CWebApplication->processRequest()
#4 /var/www/www.yii-test.local/messages/index.php(13): CApplication->run()
#5 {main}
REQUEST_URI=/messages/index.php?r=user/update1
---
2014/01/20 10:06:41 [error] [exception.CHttpException.400] exception 'CHttpException' with message 'Your request is invalid.' in /var/www/www.yii-test.local/framework/web/CController.php:336
Stack trace:
#0 /var/www/www.yii-test.local/framework/web/CController.php(309): CController->invalidActionParams(Object(CInlineAction))
#1 /var/www/www.yii-test.local/framework/web/CController.php(286): CController->runAction(Object(CInlineAction))
#2 /var/www/www.yii-test.local/framework/web/CController.php(265): CController->runActionWithFilters(Object(CInlineAction), Array)
#3 /var/www/www.yii-test.local/framework/web/CWebApplication.php(282): CController->run('update')
#4 /var/www/www.yii-test.local/framework/web/CWebApplication.php(141): CWebApplication->runController('user/update')
#5 /var/www/www.yii-test.local/framework/base/CApplication.php(180): CWebApplication->processRequest()
#6 /var/www/www.yii-test.local/messages/index.php(13): CApplication->run()
#7 {main}
REQUEST_URI=/messages/index.php?r=user/update
---
2014/01/20 10:07:27 [error] [php] Undefined variable: id (/var/www/www.yii-test.local/messages/protected/controllers/UserController.php:30)
Stack trace:
#0 /var/www/www.yii-test.local/framework/web/CController.php(286): UserController->runAction()
#1 /var/www/www.yii-test.local/framework/web/CController.php(265): UserController->runActionWithFilters()
#2 /var/www/www.yii-test.local/framework/web/CWebApplication.php(282): UserController->run()
#3 /var/www/www.yii-test.local/framework/web/CWebApplication.php(141): CWebApplication->runController()
#4 /var/www/www.yii-test.local/framework/base/CApplication.php(180): CWebApplication->processRequest()
#5 /var/www/www.yii-test.local/messages/index.php(13): CWebApplication->run()
REQUEST_URI=/messages/index.php?r=user/update
in /var/www/www.yii-test.local/messages/protected/controllers/UserController.php (30)
in /var/www/www.yii-test.local/messages/index.php (13)
2014/01/20 10:15:41 [error] [exception.CException] exception 'CException' with message 'UserController and its behaviors do not have a method or closure named "loadModel".' in /var/www/www.yii-test.local/framework/base/CComponent.php:266
Stack trace:
#0 /var/www/www.yii-test.local/messages/protected/controllers/UserController.php(13): CComponent->__call('loadModel', Array)
#1 /var/www/www.yii-test.local/messages/protected/controllers/UserController.php(13): UserController->loadModel('1')
#2 /var/www/www.yii-test.local/framework/web/actions/CInlineAction.php(49): UserController->actionProfile()
#3 /var/www/www.yii-test.local/framework/web/CController.php(308): CInlineAction->runWithParams(Array)
#4 /var/www/www.yii-test.local/framework/web/CController.php(286): CController->runAction(Object(CInlineAction))
#5 /var/www/www.yii-test.local/framework/web/CController.php(265): CController->runActionWithFilters(Object(CInlineAction), Array)
#6 /var/www/www.yii-test.local/framework/web/CWebApplication.php(282): CController->run('profile')
#7 /var/www/www.yii-test.local/framework/web/CWebApplication.php(141): CWebApplication->runController('user/profile')
#8 /var/www/www.yii-test.local/framework/base/CApplication.php(180): CWebApplication->processRequest()
#9 /var/www/www.yii-test.local/messages/index.php(13): CApplication->run()
#10 {main}
REQUEST_URI=/messages/index.php?r=user/profile
HTTP_REFERER=http://www.yii-test.local/messages/index.php?r=user/profile
---
2014/01/20 10:20:59 [error] [php] Undefined variable: isUserAuthorized (/var/www/www.yii-test.local/messages/protected/views/user/messages.php:10)
Stack trace:
#0 /var/www/www.yii-test.local/framework/web/CController.php(869): UserController->renderFile()
#1 /var/www/www.yii-test.local/framework/web/CController.php(782): UserController->renderPartial()
#2 /var/www/www.yii-test.local/messages/protected/controllers/UserController.php(8): UserController->render()
#3 /var/www/www.yii-test.local/framework/web/actions/CInlineAction.php(49): UserController->actionMessages()
#4 /var/www/www.yii-test.local/framework/web/CController.php(308): CInlineAction->runWithParams()
#5 /var/www/www.yii-test.local/framework/web/CController.php(286): UserController->runAction()
#6 /var/www/www.yii-test.local/framework/web/CController.php(265): UserController->runActionWithFilters()
#7 /var/www/www.yii-test.local/framework/web/CWebApplication.php(282): UserController->run()
#8 /var/www/www.yii-test.local/framework/web/CWebApplication.php(141): CWebApplication->runController()
#9 /var/www/www.yii-test.local/framework/base/CApplication.php(180): CWebApplication->processRequest()
#10 /var/www/www.yii-test.local/messages/index.php(13): CWebApplication->run()
REQUEST_URI=/messages/index.php?r=user/messages
in /var/www/www.yii-test.local/messages/protected/views/user/messages.php (10)
in /var/www/www.yii-test.local/messages/protected/controllers/UserController.php (8)
in /var/www/www.yii-test.local/messages/index.php (13)
2014/01/20 10:35:03 [error] [exception.CException] exception 'CException' with message 'CAssetManager.basePath "/var/www/www.yii-test.local/messages/assets" is invalid. Please make sure the directory exists and is writable by the Web server process.' in /var/www/www.yii-test.local/framework/web/CAssetManager.php:138
Stack trace:
#0 /var/www/www.yii-test.local/framework/web/CAssetManager.php(123): CAssetManager->setBasePath('/var/www/www.yi...')
#1 /var/www/www.yii-test.local/framework/web/CAssetManager.php(217): CAssetManager->getBasePath()
#2 /var/www/www.yii-test.local/framework/gii/GiiModule.php(143): CAssetManager->publish('/var/www/www.yi...')
#3 /var/www/www.yii-test.local/framework/base/CComponent.php(111): GiiModule->getAssetsUrl()
#4 /var/www/www.yii-test.local/framework/base/CModule.php(105): CComponent->__get('assetsUrl')
#5 /var/www/www.yii-test.local/framework/gii/views/layouts/main.php(5): CModule->__get('assetsUrl')
#6 /var/www/www.yii-test.local/framework/web/CBaseController.php(126): require('/var/www/www.yi...')
#7 /var/www/www.yii-test.local/framework/web/CBaseController.php(95): CBaseController->renderInternal('/var/www/www.yi...', Array, true)
#8 /var/www/www.yii-test.local/framework/web/widgets/CContentDecorator.php(76): CBaseController->renderFile('/var/www/www.yi...', Array, true)
#9 /var/www/www.yii-test.local/framework/web/widgets/CContentDecorator.php(54): CContentDecorator->decorate('<div class="con...')
#10 /var/www/www.yii-test.local/framework/web/widgets/COutputProcessor.php(44): CContentDecorator->processOutput('<div class="con...')
#11 /var/www/www.yii-test.local/framework/web/CBaseController.php(206): COutputProcessor->run()
#12 /var/www/www.yii-test.local/framework/web/CBaseController.php(300): CBaseController->endWidget('CContentDecorat...')
#13 /var/www/www.yii-test.local/framework/gii/views/layouts/column1.php(7): CBaseController->endContent()
#14 /var/www/www.yii-test.local/framework/web/CBaseController.php(126): require('/var/www/www.yi...')
#15 /var/www/www.yii-test.local/framework/web/CBaseController.php(95): CBaseController->renderInternal('/var/www/www.yi...', Array, true)
#16 /var/www/www.yii-test.local/framework/web/CController.php(784): CBaseController->renderFile('/var/www/www.yi...', Array, true)
#17 /var/www/www.yii-test.local/framework/gii/controllers/DefaultController.php(47): CController->render('login', Array)
#18 /var/www/www.yii-test.local/framework/web/actions/CInlineAction.php(49): DefaultController->actionLogin()
#19 /var/www/www.yii-test.local/framework/web/CController.php(308): CInlineAction->runWithParams(Array)
#20 /var/www/www.yii-test.local/framework/web/CController.php(286): CController->runAction(Object(CInlineAction))
#21 /var/www/www.yii-test.local/framework/web/CController.php(265): CController->runActionWithFilters(Object(CInlineAction), Array)
#22 /var/www/www.yii-test.local/framework/web/CWebApplication.php(282): CController->run('login')
#23 /var/www/www.yii-test.local/framework/web/CWebApplication.php(141): CWebApplication->runController('gii/default/log...')
#24 /var/www/www.yii-test.local/framework/base/CApplication.php(180): CWebApplication->processRequest()
#25 /var/www/www.yii-test.local/messages/index.php(13): CApplication->run()
#26 {main}
REQUEST_URI=/messages/index.php?r=gii/default/login
---
2014/01/20 10:35:14 [error] [exception.CException] exception 'CException' with message 'CAssetManager.basePath "/var/www/www.yii-test.local/messages/assets" is invalid. Please make sure the directory exists and is writable by the Web server process.' in /var/www/www.yii-test.local/framework/web/CAssetManager.php:138
Stack trace:
#0 /var/www/www.yii-test.local/framework/web/CAssetManager.php(123): CAssetManager->setBasePath('/var/www/www.yi...')
#1 /var/www/www.yii-test.local/framework/web/CAssetManager.php(217): CAssetManager->getBasePath()
#2 /var/www/www.yii-test.local/framework/gii/GiiModule.php(143): CAssetManager->publish('/var/www/www.yi...')
#3 /var/www/www.yii-test.local/framework/base/CComponent.php(111): GiiModule->getAssetsUrl()
#4 /var/www/www.yii-test.local/framework/base/CModule.php(105): CComponent->__get('assetsUrl')
#5 /var/www/www.yii-test.local/framework/gii/views/layouts/main.php(5): CModule->__get('assetsUrl')
#6 /var/www/www.yii-test.local/framework/web/CBaseController.php(126): require('/var/www/www.yi...')
#7 /var/www/www.yii-test.local/framework/web/CBaseController.php(95): CBaseController->renderInternal('/var/www/www.yi...', Array, true)
#8 /var/www/www.yii-test.local/framework/web/widgets/CContentDecorator.php(76): CBaseController->renderFile('/var/www/www.yi...', Array, true)
#9 /var/www/www.yii-test.local/framework/web/widgets/CContentDecorator.php(54): CContentDecorator->decorate('<div class="con...')
#10 /var/www/www.yii-test.local/framework/web/widgets/COutputProcessor.php(44): CContentDecorator->processOutput('<div class="con...')
#11 /var/www/www.yii-test.local/framework/web/CBaseController.php(206): COutputProcessor->run()
#12 /var/www/www.yii-test.local/framework/web/CBaseController.php(300): CBaseController->endWidget('CContentDecorat...')
#13 /var/www/www.yii-test.local/framework/gii/views/layouts/column1.php(7): CBaseController->endContent()
#14 /var/www/www.yii-test.local/framework/web/CBaseController.php(126): require('/var/www/www.yi...')
#15 /var/www/www.yii-test.local/framework/web/CBaseController.php(95): CBaseController->renderInternal('/var/www/www.yi...', Array, true)
#16 /var/www/www.yii-test.local/framework/web/CController.php(784): CBaseController->renderFile('/var/www/www.yi...', Array, true)
#17 /var/www/www.yii-test.local/framework/gii/controllers/DefaultController.php(47): CController->render('login', Array)
#18 /var/www/www.yii-test.local/framework/web/actions/CInlineAction.php(49): DefaultController->actionLogin()
#19 /var/www/www.yii-test.local/framework/web/CController.php(308): CInlineAction->runWithParams(Array)
#20 /var/www/www.yii-test.local/framework/web/CController.php(286): CController->runAction(Object(CInlineAction))
#21 /var/www/www.yii-test.local/framework/web/CController.php(265): CController->runActionWithFilters(Object(CInlineAction), Array)
#22 /var/www/www.yii-test.local/framework/web/CWebApplication.php(282): CController->run('login')
#23 /var/www/www.yii-test.local/framework/web/CWebApplication.php(141): CWebApplication->runController('gii/default/log...')
#24 /var/www/www.yii-test.local/framework/base/CApplication.php(180): CWebApplication->processRequest()
#25 /var/www/www.yii-test.local/messages/index.php(13): CApplication->run()
#26 {main}
REQUEST_URI=/messages/index.php?r=gii/default/login
---
2014/01/20 10:39:18 [error] [exception.CHttpException.404] exception 'CHttpException' with message 'Unable to resolve the request "admin/user".' in /var/www/www.yii-test.local/framework/web/CWebApplication.php:286
Stack trace:
#0 /var/www/www.yii-test.local/framework/web/CWebApplication.php(141): CWebApplication->runController('admin/user')
#1 /var/www/www.yii-test.local/framework/base/CApplication.php(180): CWebApplication->processRequest()
#2 /var/www/www.yii-test.local/messages/index.php(13): CApplication->run()
#3 {main}
REQUEST_URI=/messages/index.php?r=admin/user
---
2014/01/20 10:39:21 [error] [php] include(Users.php): failed to open stream: No such file or directory (/var/www/www.yii-test.local/framework/YiiBase.php:427)
Stack trace:
#0 /var/www/www.yii-test.local/framework/db/ar/CActiveRecord.php(395): spl_autoload_call()
#1 /var/www/www.yii-test.local/framework/web/CActiveDataProvider.php(165): model()
#2 /var/www/www.yii-test.local/framework/web/CActiveDataProvider.php(87): CActiveDataProvider->getModel()
#3 /var/www/www.yii-test.local/messages/protected/controllers/admin/UsersController.php(125): CActiveDataProvider->__construct()
#4 /var/www/www.yii-test.local/framework/web/actions/CInlineAction.php(49): UsersController->actionIndex()
#5 /var/www/www.yii-test.local/framework/web/CController.php(308): CInlineAction->runWithParams()
#6 /var/www/www.yii-test.local/framework/web/filters/CFilterChain.php(133): UsersController->runAction()
#7 /var/www/www.yii-test.local/framework/web/filters/CFilter.php(40): CFilterChain->run()
#8 /var/www/www.yii-test.local/framework/web/CController.php(1145): CAccessControlFilter->filter()
#9 /var/www/www.yii-test.local/framework/web/filters/CInlineFilter.php(58): UsersController->filterAccessControl()
#10 /var/www/www.yii-test.local/framework/web/filters/CFilterChain.php(130): CInlineFilter->filter()
#11 /var/www/www.yii-test.local/framework/web/CController.php(291): CFilterChain->run()
#12 /var/www/www.yii-test.local/framework/web/CController.php(265): UsersController->runActionWithFilters()
#13 /var/www/www.yii-test.local/framework/web/CWebApplication.php(282): UsersController->run()
#14 /var/www/www.yii-test.local/framework/web/CWebApplication.php(141): CWebApplication->runController()
#15 /var/www/www.yii-test.local/framework/base/CApplication.php(180): CWebApplication->processRequest()
#16 /var/www/www.yii-test.local/messages/index.php(13): CWebApplication->run()
REQUEST_URI=/messages/index.php?r=admin/users
in /var/www/www.yii-test.local/messages/protected/controllers/admin/UsersController.php (125)
in /var/www/www.yii-test.local/messages/index.php (13)
2014/01/20 10:44:53 [error] [exception.CHttpException.404] exception 'CHttpException' with message 'The system is unable to find the requested action "index".' in /var/www/www.yii-test.local/framework/web/CController.php:483
Stack trace:
#0 /var/www/www.yii-test.local/framework/web/CController.php(270): CController->missingAction('')
#1 /var/www/www.yii-test.local/framework/web/CWebApplication.php(282): CController->run('')
#2 /var/www/www.yii-test.local/framework/web/CWebApplication.php(141): CWebApplication->runController('admin/messages')
#3 /var/www/www.yii-test.local/framework/base/CApplication.php(180): CWebApplication->processRequest()
#4 /var/www/www.yii-test.local/messages/index.php(13): CApplication->run()
#5 {main}
REQUEST_URI=/messages/index.php?r=admin/messages
HTTP_REFERER=http://www.yii-test.local/messages/index.php?r=gii/crud/index
---
2014/01/20 10:46:27 [error] [php] include(Users.php): failed to open stream: No such file or directory (/var/www/www.yii-test.local/framework/YiiBase.php:427)
Stack trace:
#0 /var/www/www.yii-test.local/framework/db/ar/CActiveRecord.php(395): spl_autoload_call()
#1 /var/www/www.yii-test.local/framework/web/CActiveDataProvider.php(165): model()
#2 /var/www/www.yii-test.local/framework/web/CActiveDataProvider.php(87): CActiveDataProvider->getModel()
#3 /var/www/www.yii-test.local/messages/protected/controllers/admin/UsersController.php(125): CActiveDataProvider->__construct()
#4 /var/www/www.yii-test.local/framework/web/actions/CInlineAction.php(49): UsersController->actionIndex()
#5 /var/www/www.yii-test.local/framework/web/CController.php(308): CInlineAction->runWithParams()
#6 /var/www/www.yii-test.local/framework/web/filters/CFilterChain.php(133): UsersController->runAction()
#7 /var/www/www.yii-test.local/framework/web/filters/CFilter.php(40): CFilterChain->run()
#8 /var/www/www.yii-test.local/framework/web/CController.php(1145): CAccessControlFilter->filter()
#9 /var/www/www.yii-test.local/framework/web/filters/CInlineFilter.php(58): UsersController->filterAccessControl()
#10 /var/www/www.yii-test.local/framework/web/filters/CFilterChain.php(130): CInlineFilter->filter()
#11 /var/www/www.yii-test.local/framework/web/CController.php(291): CFilterChain->run()
#12 /var/www/www.yii-test.local/framework/web/CController.php(265): UsersController->runActionWithFilters()
#13 /var/www/www.yii-test.local/framework/web/CWebApplication.php(282): UsersController->run()
#14 /var/www/www.yii-test.local/framework/web/CWebApplication.php(141): CWebApplication->runController()
#15 /var/www/www.yii-test.local/framework/base/CApplication.php(180): CWebApplication->processRequest()
#16 /var/www/www.yii-test.local/messages/index.php(13): CWebApplication->run()
REQUEST_URI=/messages/index.php?r=admin/users
in /var/www/www.yii-test.local/messages/protected/controllers/admin/UsersController.php (125)
in /var/www/www.yii-test.local/messages/index.php (13)
2014/01/20 10:47:14 [error] [php] include(Users.php): failed to open stream: No such file or directory (/var/www/www.yii-test.local/framework/YiiBase.php:427)
Stack trace:
#0 /var/www/www.yii-test.local/framework/db/ar/CActiveRecord.php(395): spl_autoload_call()
#1 /var/www/www.yii-test.local/framework/web/CActiveDataProvider.php(165): model()
#2 /var/www/www.yii-test.local/framework/web/CActiveDataProvider.php(87): CActiveDataProvider->getModel()
#3 /var/www/www.yii-test.local/messages/protected/controllers/admin/UsersController.php(125): CActiveDataProvider->__construct()
#4 /var/www/www.yii-test.local/framework/web/actions/CInlineAction.php(49): UsersController->actionIndex()
#5 /var/www/www.yii-test.local/framework/web/CController.php(308): CInlineAction->runWithParams()
#6 /var/www/www.yii-test.local/framework/web/filters/CFilterChain.php(133): UsersController->runAction()
#7 /var/www/www.yii-test.local/framework/web/filters/CFilter.php(40): CFilterChain->run()
#8 /var/www/www.yii-test.local/framework/web/CController.php(1145): CAccessControlFilter->filter()
#9 /var/www/www.yii-test.local/framework/web/filters/CInlineFilter.php(58): UsersController->filterAccessControl()
#10 /var/www/www.yii-test.local/framework/web/filters/CFilterChain.php(130): CInlineFilter->filter()
#11 /var/www/www.yii-test.local/framework/web/CController.php(291): CFilterChain->run()
#12 /var/www/www.yii-test.local/framework/web/CController.php(265): UsersController->runActionWithFilters()
#13 /var/www/www.yii-test.local/framework/web/CWebApplication.php(282): UsersController->run()
#14 /var/www/www.yii-test.local/framework/web/CWebApplication.php(141): CWebApplication->runController()
#15 /var/www/www.yii-test.local/framework/base/CApplication.php(180): CWebApplication->processRequest()
#16 /var/www/www.yii-test.local/messages/index.php(13): CWebApplication->run()
REQUEST_URI=/messages/index.php?r=admin/users
in /var/www/www.yii-test.local/messages/protected/controllers/admin/UsersController.php (125)
in /var/www/www.yii-test.local/messages/index.php (13)
2014/01/20 10:47:16 [error] [php] include(Users.php): failed to open stream: No such file or directory (/var/www/www.yii-test.local/framework/YiiBase.php:427)
Stack trace:
#0 /var/www/www.yii-test.local/framework/db/ar/CActiveRecord.php(395): spl_autoload_call()
#1 /var/www/www.yii-test.local/framework/web/CActiveDataProvider.php(165): model()
#2 /var/www/www.yii-test.local/framework/web/CActiveDataProvider.php(87): CActiveDataProvider->getModel()
#3 /var/www/www.yii-test.local/messages/protected/controllers/admin/UsersController.php(125): CActiveDataProvider->__construct()
#4 /var/www/www.yii-test.local/framework/web/actions/CInlineAction.php(49): UsersController->actionIndex()
#5 /var/www/www.yii-test.local/framework/web/CController.php(308): CInlineAction->runWithParams()
#6 /var/www/www.yii-test.local/framework/web/filters/CFilterChain.php(133): UsersController->runAction()
#7 /var/www/www.yii-test.local/framework/web/filters/CFilter.php(40): CFilterChain->run()
#8 /var/www/www.yii-test.local/framework/web/CController.php(1145): CAccessControlFilter->filter()
#9 /var/www/www.yii-test.local/framework/web/filters/CInlineFilter.php(58): UsersController->filterAccessControl()
#10 /var/www/www.yii-test.local/framework/web/filters/CFilterChain.php(130): CInlineFilter->filter()
#11 /var/www/www.yii-test.local/framework/web/CController.php(291): CFilterChain->run()
#12 /var/www/www.yii-test.local/framework/web/CController.php(265): UsersController->runActionWithFilters()
#13 /var/www/www.yii-test.local/framework/web/CWebApplication.php(282): UsersController->run()
#14 /var/www/www.yii-test.local/framework/web/CWebApplication.php(141): CWebApplication->runController()
#15 /var/www/www.yii-test.local/framework/base/CApplication.php(180): CWebApplication->processRequest()
#16 /var/www/www.yii-test.local/messages/index.php(13): CWebApplication->run()
REQUEST_URI=/messages/index.php?r=admin/users
in /var/www/www.yii-test.local/messages/protected/controllers/admin/UsersController.php (125)
in /var/www/www.yii-test.local/messages/index.php (13)
2014/01/20 10:47:17 [error] [php] include(Users.php): failed to open stream: No such file or directory (/var/www/www.yii-test.local/framework/YiiBase.php:427)
Stack trace:
#0 /var/www/www.yii-test.local/framework/db/ar/CActiveRecord.php(395): spl_autoload_call()
#1 /var/www/www.yii-test.local/framework/web/CActiveDataProvider.php(165): model()
#2 /var/www/www.yii-test.local/framework/web/CActiveDataProvider.php(87): CActiveDataProvider->getModel()
#3 /var/www/www.yii-test.local/messages/protected/controllers/admin/UsersController.php(125): CActiveDataProvider->__construct()
#4 /var/www/www.yii-test.local/framework/web/actions/CInlineAction.php(49): UsersController->actionIndex()
#5 /var/www/www.yii-test.local/framework/web/CController.php(308): CInlineAction->runWithParams()
#6 /var/www/www.yii-test.local/framework/web/filters/CFilterChain.php(133): UsersController->runAction()
#7 /var/www/www.yii-test.local/framework/web/filters/CFilter.php(40): CFilterChain->run()
#8 /var/www/www.yii-test.local/framework/web/CController.php(1145): CAccessControlFilter->filter()
#9 /var/www/www.yii-test.local/framework/web/filters/CInlineFilter.php(58): UsersController->filterAccessControl()
#10 /var/www/www.yii-test.local/framework/web/filters/CFilterChain.php(130): CInlineFilter->filter()
#11 /var/www/www.yii-test.local/framework/web/CController.php(291): CFilterChain->run()
#12 /var/www/www.yii-test.local/framework/web/CController.php(265): UsersController->runActionWithFilters()
#13 /var/www/www.yii-test.local/framework/web/CWebApplication.php(282): UsersController->run()
#14 /var/www/www.yii-test.local/framework/web/CWebApplication.php(141): CWebApplication->runController()
#15 /var/www/www.yii-test.local/framework/base/CApplication.php(180): CWebApplication->processRequest()
#16 /var/www/www.yii-test.local/messages/index.php(13): CWebApplication->run()
REQUEST_URI=/messages/index.php?r=admin/users
in /var/www/www.yii-test.local/messages/protected/controllers/admin/UsersController.php (125)
in /var/www/www.yii-test.local/messages/index.php (13)
2014/01/20 10:50:39 [error] [exception.CException] exception 'CException' with message 'UserController cannot find the requested view "index".' in /var/www/www.yii-test.local/framework/web/CController.php:878
Stack trace:
#0 /var/www/www.yii-test.local/framework/web/CController.php(782): CController->renderPartial('index', Array, true)
#1 /var/www/www.yii-test.local/messages/protected/controllers/UserController.php(12): CController->render('index', Array)
#2 /var/www/www.yii-test.local/framework/web/actions/CInlineAction.php(49): UserController->actionMessages()
#3 /var/www/www.yii-test.local/framework/web/CController.php(308): CInlineAction->runWithParams(Array)
#4 /var/www/www.yii-test.local/framework/web/CController.php(286): CController->runAction(Object(CInlineAction))
#5 /var/www/www.yii-test.local/framework/web/CController.php(265): CController->runActionWithFilters(Object(CInlineAction), Array)
#6 /var/www/www.yii-test.local/framework/web/CWebApplication.php(282): CController->run('messages')
#7 /var/www/www.yii-test.local/framework/web/CWebApplication.php(141): CWebApplication->runController('user/messages')
#8 /var/www/www.yii-test.local/framework/base/CApplication.php(180): CWebApplication->processRequest()
#9 /var/www/www.yii-test.local/messages/index.php(13): CApplication->run()
#10 {main}
REQUEST_URI=/messages/index.php?r=user/messages
HTTP_REFERER=http://www.yii-test.local/messages/index.php?r=user/profile
---
2014/01/20 10:50:56 [error] [php] Undefined variable: isUserAuthorized (/var/www/www.yii-test.local/messages/protected/views/user/messages.php:10)
Stack trace:
#0 /var/www/www.yii-test.local/framework/web/CController.php(869): UserController->renderFile()
#1 /var/www/www.yii-test.local/framework/web/CController.php(782): UserController->renderPartial()
#2 /var/www/www.yii-test.local/messages/protected/controllers/UserController.php(12): UserController->render()
#3 /var/www/www.yii-test.local/framework/web/actions/CInlineAction.php(49): UserController->actionMessages()
#4 /var/www/www.yii-test.local/framework/web/CController.php(308): CInlineAction->runWithParams()
#5 /var/www/www.yii-test.local/framework/web/CController.php(286): UserController->runAction()
#6 /var/www/www.yii-test.local/framework/web/CController.php(265): UserController->runActionWithFilters()
#7 /var/www/www.yii-test.local/framework/web/CWebApplication.php(282): UserController->run()
#8 /var/www/www.yii-test.local/framework/web/CWebApplication.php(141): CWebApplication->runController()
#9 /var/www/www.yii-test.local/framework/base/CApplication.php(180): CWebApplication->processRequest()
#10 /var/www/www.yii-test.local/messages/index.php(13): CWebApplication->run()
REQUEST_URI=/messages/index.php?r=user/messages
in /var/www/www.yii-test.local/messages/protected/views/user/messages.php (10)
in /var/www/www.yii-test.local/messages/protected/controllers/UserController.php (12)
in /var/www/www.yii-test.local/messages/index.php (13)
2014/01/20 10:51:42 [error] [exception.CException] exception 'CException' with message 'Property "Message.name" is not defined.' in /var/www/www.yii-test.local/framework/base/CComponent.php:130
Stack trace:
#0 /var/www/www.yii-test.local/framework/db/ar/CActiveRecord.php(145): CComponent->__get('name')
#1 /var/www/www.yii-test.local/messages/protected/views/user/_message.php(13): CActiveRecord->__get('name')
#2 /var/www/www.yii-test.local/framework/web/CBaseController.php(130): require('/var/www/www.yi...')
#3 /var/www/www.yii-test.local/framework/web/CBaseController.php(95): CBaseController->renderInternal('/var/www/www.yi...', Array, false)
#4 /var/www/www.yii-test.local/framework/zii/widgets/CListView.php(291): CBaseController->renderFile('/var/www/www.yi...', Array)
#5 /var/www/www.yii-test.local/framework/zii/widgets/CBaseListView.php(167): CListView->renderItems()
#6 [internal function]: CBaseListView->renderSection(Array)
#7 /var/www/www.yii-test.local/framework/zii/widgets/CBaseListView.php(150): preg_replace_callback('/{(\w+)}/', Array, '{summary}?{sort...')
#8 /var/www/www.yii-test.local/framework/zii/widgets/CBaseListView.php(135): CBaseListView->renderContent()
#9 /var/www/www.yii-test.local/framework/web/CBaseController.php(173): CBaseListView->run()
#10 /var/www/www.yii-test.local/messages/protected/views/user/messages.php(14): CBaseController->widget('zii.widgets.CLi...', Array)
#11 /var/www/www.yii-test.local/framework/web/CBaseController.php(126): require('/var/www/www.yi...')
#12 /var/www/www.yii-test.local/framework/web/CBaseController.php(95): CBaseController->renderInternal('/var/www/www.yi...', Array, true)
#13 /var/www/www.yii-test.local/framework/web/CController.php(869): CBaseController->renderFile('/var/www/www.yi...', Array, true)
#14 /var/www/www.yii-test.local/framework/web/CController.php(782): CController->renderPartial('messages', Array, true)
#15 /var/www/www.yii-test.local/messages/protected/controllers/UserController.php(10): CController->render('messages', Array)
#16 /var/www/www.yii-test.local/framework/web/actions/CInlineAction.php(49): UserController->actionMessages()
#17 /var/www/www.yii-test.local/framework/web/CController.php(308): CInlineAction->runWithParams(Array)
#18 /var/www/www.yii-test.local/framework/web/CController.php(286): CController->runAction(Object(CInlineAction))
#19 /var/www/www.yii-test.local/framework/web/CController.php(265): CController->runActionWithFilters(Object(CInlineAction), Array)
#20 /var/www/www.yii-test.local/framework/web/CWebApplication.php(282): CController->run('messages')
#21 /var/www/www.yii-test.local/framework/web/CWebApplication.php(141): CWebApplication->runController('user/messages')
#22 /var/www/www.yii-test.local/framework/base/CApplication.php(180): CWebApplication->processRequest()
#23 /var/www/www.yii-test.local/messages/index.php(13): CApplication->run()
#24 {main}
REQUEST_URI=/messages/index.php?r=user/messages
HTTP_REFERER=http://www.yii-test.local/messages/index.php?r=user/profile
---
